2025-07-10 14:47:43,742 - root - INFO - 数据摄取开始
2025-07-10 14:47:44,014 - root - INFO - Performed train test split on the dataframe
2025-07-10 14:47:44,014 - root - INFO - Exited split_data_as_train_test method of Data_Ingestion class
2025-07-10 14:47:44,014 - root - INFO - Exporting train and test file path.
2025-07-10 14:47:44,077 - root - INFO - Exported train and test file path.
2025-07-10 14:47:44,078 - root - INFO - 数据摄取完成
2025-07-10 14:47:44,080 - root - INFO - 数据验证开始
2025-07-10 14:47:44,099 - root - INFO - 正常数据的的列数为: 31
2025-07-10 14:47:44,099 - root - INFO - 实际数据的列数为: 31
2025-07-10 14:47:44,099 - root - INFO - 数据的列数与正常数据的列数相等
2025-07-10 14:47:44,099 - root - INFO - 正常数据的的列数为: 31
2025-07-10 14:47:44,099 - root - INFO - 实际数据的列数为: 31
2025-07-10 14:47:44,099 - root - INFO - 数据的列数与正常数据的列数相等
2025-07-10 14:47:44,099 - root - INFO - 所有在 schema 中定义的数值列都具有正确的数值类型。
2025-07-10 14:47:44,100 - root - INFO - 所有在 schema 中定义的数值列都具有正确的数值类型。
2025-07-10 14:47:44,233 - root - INFO - 数据验证完成
2025-07-10 14:47:44,233 - root - INFO - 数据转换开始配置
2025-07-10 14:47:44,233 - root - INFO - 数据转换配置成功,开始进行数据转化
2025-07-10 14:47:44,233 - root - INFO - 数据转换开始
2025-07-10 14:47:44,233 - root - INFO - 进入数据转化类的 initiate_data_transformation 方法
2025-07-10 14:47:44,233 - root - INFO - 开始进行数据转换
2025-07-10 14:47:44,252 - root - INFO - 进入数据转化类的 get_data_transformer_object 方法
2025-07-10 14:47:44,252 - root - INFO - 初始化KNN Imputer，参数为：{'missing_values': nan, 'n_neighbors': 3, 'weights': 'uniform'}
